<?xml version="1.0" encoding="UTF-8"?>
<!-- Generated by org.testng.reporters.JUnitXMLReporter -->
<testsuite hostname="mohanmac.lan" ignored="0" name="Command line test" tests="2" failures="0" timestamp="26 Oct 2017 04:25:57 GMT" time="0.097" errors="0">
  <testcase name="testXmlValidator" time="0.035" classname="com.mathu.validator.XMLValidatorTest"/>
  <testcase name="testXmlValidatorInvalid" time="0.041" classname="com.mathu.validator.XMLValidatorTest"/>
</testsuite> <!-- Command line test -->
